0 info it worked if it ends with ok
1 verbose cli [ '/usr/bin/node', '/usr/bin/npm', 'install', 'socketio' ]
2 info using npm@1.3.11
3 info using node@v0.10.20
4 verbose node symlink /usr/bin/node
5 verbose readDependencies using package.json deps
6 verbose cache add [ 'socketio', null ]
7 verbose cache add name=undefined spec="socketio" args=["socketio",null]
8 verbose parsed url { protocol: null,
8 verbose parsed url   slashes: null,
8 verbose parsed url   auth: null,
8 verbose parsed url   host: null,
8 verbose parsed url   port: null,
8 verbose parsed url   hostname: null,
8 verbose parsed url   hash: null,
8 verbose parsed url   search: null,
8 verbose parsed url   query: null,
8 verbose parsed url   pathname: 'socketio',
8 verbose parsed url   path: 'socketio',
8 verbose parsed url   href: 'socketio' }
9 silly lockFile be461470-socketio socketio
10 verbose lock socketio /home/jan/.npm/be461470-socketio.lock
11 silly lockFile be461470-socketio socketio
12 silly lockFile be461470-socketio socketio
13 verbose addNamed [ 'socketio', '' ]
14 verbose addNamed [ null, '*' ]
15 silly lockFile fa004f70-socketio socketio@
16 verbose lock socketio@ /home/jan/.npm/fa004f70-socketio.lock
17 silly addNameRange { name: 'socketio', range: '*', hasData: false }
18 verbose url raw socketio
19 verbose url resolving [ 'https://registry.npmjs.org/', './socketio' ]
20 verbose url resolved https://registry.npmjs.org/socketio
21 info trying registry request attempt 1 at 11:44:30
22 http GET https://registry.npmjs.org/socketio
23 http 404 https://registry.npmjs.org/socketio
24 silly registry.get cb [ 404,
24 silly registry.get   { server: 'CouchDB/1.3.1 (Erlang OTP/R15B03)',
24 silly registry.get     date: 'Sat, 26 Oct 2013 09:44:31 GMT',
24 silly registry.get     'content-type': 'application/json',
24 silly registry.get     'content-length': '52',
24 silly registry.get     'cache-control': 'must-revalidate' } ]
25 silly lockFile fa004f70-socketio socketio@
26 silly lockFile fa004f70-socketio socketio@
27 error 404 'socketio' is not in the npm registry.
27 error 404 You should bug the author to publish it
27 error 404
27 error 404 Note that you can also install from a
27 error 404 tarball, folder, or http url, or git url.
28 error System Linux 3.8.0-19-generic
29 error command "/usr/bin/node" "/usr/bin/npm" "install" "socketio"
30 error cwd /home/jan/dev/nodeprojects/milesphoto
31 error node -v v0.10.20
32 error npm -v 1.3.11
33 error code E404
34 verbose exit [ 1, true ]
